<?xml version="1.0" encoding="UTF-8"?>
<testsuite name="com.example.CarRental.CarRentalApplicationTests" tests="1" skipped="0" failures="0" errors="0" timestamp="2019-11-17T12:33:40" hostname="LAPTOP-B99080OD" time="0.346">
  <properties/>
  <testcase name="contextLoads()" classname="com.example.CarRental.CarRentalApplicationTests" time="0.346"/>
  <system-out><![CDATA[13:33:37.598 [Test worker] DEBUG org.springframework.test.context.BootstrapUtils - Instantiating CacheAwareContextLoaderDelegate from class [org.springframework.test.context.cache.DefaultCacheAwareContextLoaderDelegate]
13:33:37.618 [Test worker] DEBUG org.springframework.test.context.BootstrapUtils - Instantiating BootstrapContext using constructor [public org.springframework.test.context.support.DefaultBootstrapContext(java.lang.Class,org.springframework.test.context.CacheAwareContextLoaderDelegate)]
13:33:37.648 [Test worker] DEBUG org.springframework.test.context.BootstrapUtils - Instantiating TestContextBootstrapper for test class [com.example.CarRental.CarRentalApplicationTests] from class [org.springframework.boot.test.context.SpringBootTestContextBootstrapper]
13:33:37.677 [Test worker] INFO org.springframework.boot.test.context.SpringBootTestContextBootstrapper - Neither @ContextConfiguration nor @ContextHierarchy found for test class [com.example.CarRental.CarRentalApplicationTests], using SpringBootContextLoader
13:33:37.682 [Test worker] DEBUG org.springframework.test.context.support.AbstractContextLoader - Did not detect default resource location for test class [com.example.CarRental.CarRentalApplicationTests]: class path resource [com/example/CarRental/CarRentalApplicationTests-context.xml] does not exist
13:33:37.683 [Test worker] DEBUG org.springframework.test.context.support.AbstractContextLoader - Did not detect default resource location for test class [com.example.CarRental.CarRentalApplicationTests]: class path resource [com/example/CarRental/CarRentalApplicationTestsContext.groovy] does not exist
13:33:37.683 [Test worker] INFO org.springframework.test.context.support.AbstractContextLoader - Could not detect default resource locations for test class [com.example.CarRental.CarRentalApplicationTests]: no resource found for suffixes {-context.xml, Context.groovy}.
13:33:37.684 [Test worker] INFO org.springframework.test.context.support.AnnotationConfigContextLoaderUtils - Could not detect default configuration classes for test class [com.example.CarRental.CarRentalApplicationTests]: CarRentalApplicationTests does not declare any static, non-private, non-final, nested classes annotated with @Configuration.
13:33:37.754 [Test worker] DEBUG org.springframework.test.context.support.ActiveProfilesUtils - Could not find an 'annotation declaring class' for annotation type [org.springframework.test.context.ActiveProfiles] and class [com.example.CarRental.CarRentalApplicationTests]
13:33:37.837 [Test worker] DEBUG org.springframework.context.annotation.ClassPathScanningCandidateComponentProvider - Identified candidate component class: file [C:\Users\julie\Downloads\CarRental\build\classes\java\main\com\example\CarRental\CarRentalApplication.class]
13:33:37.856 [Test worker] INFO org.springframework.boot.test.context.SpringBootTestContextBootstrapper - Found @SpringBootConfiguration com.example.CarRental.CarRentalApplication for test class com.example.CarRental.CarRentalApplicationTests
13:33:37.989 [Test worker] DEBUG org.springframework.boot.test.context.SpringBootTestContextBootstrapper - @TestExecutionListeners is not present for class [com.example.CarRental.CarRentalApplicationTests]: using defaults.
13:33:37.990 [Test worker] INFO org.springframework.boot.test.context.SpringBootTestContextBootstrapper - Loaded default TestExecutionListener class names from location [META-INF/spring.factories]: [org.springframework.boot.test.autoconfigure.restdocs.RestDocsTestExecutionListener, org.springframework.boot.test.autoconfigure.web.client.MockRestServiceServerResetTestExecutionListener, org.springframework.boot.test.autoconfigure.web.servlet.MockMvcPrintOnlyOnFailureTestExecutionListener, org.springframework.boot.test.autoconfigure.web.servlet.WebDriverTestExecutionListener, org.springframework.boot.test.mock.mockito.MockitoTestExecutionListener, org.springframework.boot.test.mock.mockito.ResetMocksTestExecutionListener, org.springframework.test.context.web.ServletTestExecutionListener, org.springframework.test.context.support.DirtiesContextBeforeModesTestExecutionListener, org.springframework.test.context.support.DependencyInjectionTestExecutionListener, org.springframework.test.context.support.DirtiesContextTestExecutionListener, org.springframework.test.context.transaction.TransactionalTestExecutionListener, org.springframework.test.context.jdbc.SqlScriptsTestExecutionListener, org.springframework.test.context.event.EventPublishingTestExecutionListener]
13:33:38.007 [Test worker] DEBUG org.springframework.boot.test.context.SpringBootTestContextBootstrapper - Skipping candidate TestExecutionListener [org.springframework.test.context.transaction.TransactionalTestExecutionListener] due to a missing dependency. Specify custom listener classes or make the default listener classes and their required dependencies available. Offending class: [org/springframework/transaction/interceptor/TransactionAttributeSource]
13:33:38.008 [Test worker] DEBUG org.springframework.boot.test.context.SpringBootTestContextBootstrapper - Skipping candidate TestExecutionListener [org.springframework.test.context.jdbc.SqlScriptsTestExecutionListener] due to a missing dependency. Specify custom listener classes or make the default listener classes and their required dependencies available. Offending class: [org/springframework/transaction/interceptor/TransactionAttribute]
13:33:38.008 [Test worker] INFO org.springframework.boot.test.context.SpringBootTestContextBootstrapper - Using TestExecutionListeners: [org.springframework.test.context.web.ServletTestExecutionListener@79343933, org.springframework.test.context.support.DirtiesContextBeforeModesTestExecutionListener@5f15a535, org.springframework.boot.test.mock.mockito.MockitoTestExecutionListener@49202a1d, org.springframework.boot.test.autoconfigure.SpringBootDependencyInjectionTestExecutionListener@633ce6b1, org.springframework.test.context.support.DirtiesContextTestExecutionListener@3b19a644, org.springframework.test.context.event.EventPublishingTestExecutionListener@49d7901f, org.springframework.boot.test.autoconfigure.restdocs.RestDocsTestExecutionListener@1ef3bfa, org.springframework.boot.test.autoconfigure.web.client.MockRestServiceServerResetTestExecutionListener@5e24c18, org.springframework.boot.test.autoconfigure.web.servlet.MockMvcPrintOnlyOnFailureTestExecutionListener@733ff166, org.springframework.boot.test.autoconfigure.web.servlet.WebDriverTestExecutionListener@61dc076, org.springframework.boot.test.mock.mockito.ResetMocksTestExecutionListener@7ed51ba4]
13:33:38.013 [Test worker] DEBUG org.springframework.test.context.support.AbstractDirtiesContextTestExecutionListener - Before test class: context [DefaultTestContext@622cdc50 testClass = CarRentalApplicationTests, testInstance = [null], testMethod = [null], testException = [null], mergedContextConfiguration = [WebMergedContextConfiguration@744f96d7 testClass = CarRentalApplicationTests, locations = '{}', classes = '{class com.example.CarRental.CarRentalApplication}', contextInitializerClasses = '[]', activeProfiles = '{}', propertySourceLocations = '{}', propertySourceProperties = '{org.springframework.boot.test.context.SpringBootTestContextBootstrapper=true}', contextCustomizers = set[org.springframework.boot.test.autoconfigure.properties.PropertyMappingContextCustomizer@0, org.springframework.boot.test.autoconfigure.web.servlet.WebDriverContextCustomizerFactory$Customizer@27d57153, org.springframework.boot.test.context.filter.ExcludeFilterContextCustomizer@57cb3959, org.springframework.boot.test.json.DuplicateJsonObjectContextCustomizerFactory$DuplicateJsonObjectContextCustomizer@fabfc94, org.springframework.boot.test.mock.mockito.MockitoContextCustomizer@0, org.springframework.boot.test.web.client.TestRestTemplateContextCustomizer@739e7e73], resourceBasePath = 'src/main/webapp', contextLoader = 'org.springframework.boot.test.context.SpringBootContextLoader', parent = [null]], attributes = map['org.springframework.test.context.web.ServletTestExecutionListener.activateListener' -> true]], class annotated with @DirtiesContext [false] with mode [null].
13:33:38.046 [Test worker] DEBUG org.springframework.test.context.support.TestPropertySourceUtils - Adding inlined properties to environment: {spring.jmx.enabled=false, org.springframework.boot.test.context.SpringBootTestContextBootstrapper=true, server.port=-1}

  .   ____          _            __ _ _
 /\\ / ___'_ __ _ _(_)_ __  __ _ \ \ \ \
( ( )\___ | '_ | '_| | '_ \/ _` | \ \ \ \
 \\/  ___)| |_)| | | | | || (_| |  ) ) ) )
  '  |____| .__|_| |_|_| |_\__, | / / / /
 =========|_|==============|___/=/_/_/_/
 :: Spring Boot ::        (v2.2.1.RELEASE)

2019-11-17 13:33:38.294  INFO 20632 --- [    Test worker] c.e.CarRental.CarRentalApplicationTests  : Starting CarRentalApplicationTests on LAPTOP-B99080OD with PID 20632 (started by julie in C:\Users\julie\Downloads\CarRental)
2019-11-17 13:33:38.294  INFO 20632 --- [    Test worker] c.e.CarRental.CarRentalApplicationTests  : No active profile set, falling back to default profiles: default
2019-11-17 13:33:39.142  INFO 20632 --- [    Test worker] trationDelegate$BeanPostProcessorChecker : Bean 'org.springframework.ws.config.annotation.DelegatingWsConfiguration' of type [org.springframework.ws.config.annotation.DelegatingWsConfiguration$$EnhancerBySpringCGLIB$$e216facd] is not eligible for getting processed by all BeanPostProcessors (for example: not eligible for auto-proxying)
2019-11-17 13:33:39.270  INFO 20632 --- [    Test worker] .w.s.a.s.AnnotationActionEndpointMapping : Supporting [WS-Addressing August 2004, WS-Addressing 1.0]
2019-11-17 13:33:39.689  INFO 20632 --- [    Test worker] o.s.s.concurrent.ThreadPoolTaskExecutor  : Initializing ExecutorService 'applicationTaskExecutor'
2019-11-17 13:33:40.105  INFO 20632 --- [    Test worker] c.e.CarRental.CarRentalApplicationTests  : Started CarRentalApplicationTests in 2.046 seconds (JVM running for 3.972)
]]></system-out>
  <system-err><![CDATA[]]></system-err>
</testsuite>
